  Note Organization Software.cpp
D:\VsCodeProjects\Note Organization Software\ProjectFiles\Main program Functions.cpp(721,7): warning C4267: 'argument': conversion from 'size_t' to 'int', possible loss of data
D:\VsCodeProjects\Note Organization Software\ProjectFiles\Main program Functions.cpp(787,85): warning C4267: 'initializing': conversion from 'size_t' to 'int', possible loss of data
D:\VsCodeProjects\Note Organization Software\ProjectFiles\Main program Functions.cpp(1015,7): warning C4267: 'argument': conversion from 'size_t' to 'int', possible loss of data
D:\VsCodeProjects\Note Organization Software\ProjectFiles\Main program Functions.cpp(1064,7): warning C4267: 'argument': conversion from 'size_t' to 'int', possible loss of data
D:\VsCodeProjects\Note Organization Software\ProjectFiles\Main program Functions.cpp(1202,57): warning C4267: '=': conversion from 'size_t' to 'int', possible loss of data
D:\VsCodeProjects\Note Organization Software\ProjectFiles\Main program Functions.cpp(1260,6): warning C4267: 'argument': conversion from 'size_t' to 'int', possible loss of data
D:\VsCodeProjects\Note Organization Software\ProjectFiles\Main program Functions.cpp(1605,6): warning C4267: 'argument': conversion from 'size_t' to 'int', possible loss of data
D:\VsCodeProjects\Note Organization Software\ProjectFiles\Main program Functions.cpp(1680,6): warning C4267: 'argument': conversion from 'size_t' to 'int', possible loss of data
D:\VsCodeProjects\Note Organization Software\ProjectFiles\Main program Functions.cpp(1724,56): warning C4267: 'initializing': conversion from 'size_t' to 'int', possible loss of data
  Main Program Functions.cpp
D:\VsCodeProjects\Note Organization Software\ProjectFiles\Main Program Functions.cpp(721,7): warning C4267: 'argument': conversion from 'size_t' to 'int', possible loss of data
D:\VsCodeProjects\Note Organization Software\ProjectFiles\Main Program Functions.cpp(787,85): warning C4267: 'initializing': conversion from 'size_t' to 'int', possible loss of data
D:\VsCodeProjects\Note Organization Software\ProjectFiles\Main Program Functions.cpp(1015,7): warning C4267: 'argument': conversion from 'size_t' to 'int', possible loss of data
D:\VsCodeProjects\Note Organization Software\ProjectFiles\Main Program Functions.cpp(1064,7): warning C4267: 'argument': conversion from 'size_t' to 'int', possible loss of data
D:\VsCodeProjects\Note Organization Software\ProjectFiles\Main Program Functions.cpp(1202,57): warning C4267: '=': conversion from 'size_t' to 'int', possible loss of data
D:\VsCodeProjects\Note Organization Software\ProjectFiles\Main Program Functions.cpp(1260,6): warning C4267: 'argument': conversion from 'size_t' to 'int', possible loss of data
D:\VsCodeProjects\Note Organization Software\ProjectFiles\Main Program Functions.cpp(1605,6): warning C4267: 'argument': conversion from 'size_t' to 'int', possible loss of data
D:\VsCodeProjects\Note Organization Software\ProjectFiles\Main Program Functions.cpp(1680,6): warning C4267: 'argument': conversion from 'size_t' to 'int', possible loss of data
D:\VsCodeProjects\Note Organization Software\ProjectFiles\Main Program Functions.cpp(1724,56): warning C4267: 'initializing': conversion from 'size_t' to 'int', possible loss of data
D:\VsCodeProjects\Note Organization Software\ProjectFiles\Main Program Functions.cpp(19,19): error C2011: 'functionCall': 'enum' type redefinition
D:\VsCodeProjects\Note Organization Software\ProjectFiles\Main Program Functions.h(8): message : see declaration of 'functionCall'
D:\VsCodeProjects\Note Organization Software\ProjectFiles\Main Program Functions.cpp(23,13): error C2084: function 'std::string stringUpper(std::string &)' already has a body
D:\VsCodeProjects\Note Organization Software\ProjectFiles\Main Program Functions.cpp(23): message : see previous definition of 'stringUpper'
D:\VsCodeProjects\Note Organization Software\ProjectFiles\Main Program Functions.cpp(43,6): error C2084: function 'void clearInputStream(void)' already has a body
D:\VsCodeProjects\Note Organization Software\ProjectFiles\Main Program Functions.cpp(43): message : see previous definition of 'clearInputStream'
D:\VsCodeProjects\Note Organization Software\ProjectFiles\Main Program Functions.cpp(51,6): error C2084: function 'bool selectAndValidateInt(int &,int,int)' already has a body
D:\VsCodeProjects\Note Organization Software\ProjectFiles\Main Program Functions.cpp(51): message : see previous definition of 'selectAndValidateInt'
D:\VsCodeProjects\Note Organization Software\ProjectFiles\Main Program Functions.cpp(89,6): error C2084: function 'bool selectAndValidateString(std::string &,int,int,std::string)' already has a body
D:\VsCodeProjects\Note Organization Software\ProjectFiles\Main Program Functions.cpp(89): message : see previous definition of 'selectAndValidateString'
D:\VsCodeProjects\Note Organization Software\ProjectFiles\Main Program Functions.cpp(97,6): error C2065: 'stringUpper': undeclared identifier
D:\VsCodeProjects\Note Organization Software\ProjectFiles\Main Program Functions.cpp(97,42): error C2568: '==': unable to resolve function overload
D:\VsCodeProjects\Note Organization Software\ProjectFiles\Main Program Functions.cpp(97,42): message : could be 'std::string stringUpper(std::string &)'
D:\VsCodeProjects\Note Organization Software\ProjectFiles\Main Program Functions.cpp(105,11): error C2065: 'stringUpper': undeclared identifier
D:\VsCodeProjects\Note Organization Software\ProjectFiles\Main Program Functions.cpp(105,54): error C2568: '==': unable to resolve function overload
D:\VsCodeProjects\Note Organization Software\ProjectFiles\Main Program Functions.cpp(105,54): message : could be 'std::string stringUpper(std::string &)'
D:\VsCodeProjects\Note Organization Software\ProjectFiles\Main Program Functions.cpp(147,6): error C2084: function 'void extractCertainAmountOfCharactersIntoVector(std::string,std::vector<std::string,std::allocator<std::string>> &)' already has a body
D:\VsCodeProjects\Note Organization Software\ProjectFiles\Main Program Functions.cpp(147): message : see previous definition of 'extractCertainAmountOfCharactersIntoVector'
D:\VsCodeProjects\Note Organization Software\ProjectFiles\Main Program Functions.cpp(192,6): error C2084: function 'bool checkStringForEndInput(std::string,std::string &)' already has a body
D:\VsCodeProjects\Note Organization Software\ProjectFiles\Main Program Functions.cpp(192): message : see previous definition of 'checkStringForEndInput'
D:\VsCodeProjects\Note Organization Software\ProjectFiles\Main Program Functions.cpp(194,6): error C2065: 'stringUpper': undeclared identifier
D:\VsCodeProjects\Note Organization Software\ProjectFiles\Main Program Functions.cpp(194,39): error C2568: '==': unable to resolve function overload
D:\VsCodeProjects\Note Organization Software\ProjectFiles\Main Program Functions.cpp(194,39): message : could be 'std::string stringUpper(std::string &)'
D:\VsCodeProjects\Note Organization Software\ProjectFiles\Main Program Functions.cpp(208,6): error C2084: function 'void InsertCharactersIntoVector(std::string,std::vector<std::string,std::allocator<std::string>> &,int)' already has a body
D:\VsCodeProjects\Note Organization Software\ProjectFiles\Main Program Functions.cpp(208): message : see previous definition of 'InsertCharactersIntoVector'
D:\VsCodeProjects\Note Organization Software\ProjectFiles\Main Program Functions.cpp(212,2): error C2065: 'extractCertainAmountOfCharactersIntoVector': undeclared identifier
D:\VsCodeProjects\Note Organization Software\ProjectFiles\Main Program Functions.cpp(242,6): error C2084: function 'void parseStringForKeyValuePairs(std::string,char,int &,std::string &)' already has a body
D:\VsCodeProjects\Note Organization Software\ProjectFiles\Main Program Functions.cpp(242): message : see previous definition of 'parseStringForKeyValuePairs'
D:\VsCodeProjects\Note Organization Software\ProjectFiles\Main Program Functions.cpp(292,6): error C2084: function 'void parseStringForKeyValuePairs(std::string,std::string,std::string &,std::string &)' already has a body
D:\VsCodeProjects\Note Organization Software\ProjectFiles\Main Program Functions.cpp(292): message : see previous definition of 'parseStringForKeyValuePairs'
D:\VsCodeProjects\Note Organization Software\ProjectFiles\Main Program Functions.cpp(301,6): error C2084: function 'void NewLines(int)' already has a body
D:\VsCodeProjects\Note Organization Software\ProjectFiles\Main Program Functions.cpp(301): message : see previous definition of 'NewLines'
D:\VsCodeProjects\Note Organization Software\ProjectFiles\Main Program Functions.cpp(316,6): error C2084: function 'void write(std::string,std::vector<SubCatagory,std::allocator<SubCatagory>> &)' already has a body
D:\VsCodeProjects\Note Organization Software\ProjectFiles\Main Program Functions.cpp(316): message : see previous definition of 'write'
D:\VsCodeProjects\Note Organization Software\ProjectFiles\Main Program Functions.cpp(394,6): error C2084: function 'void read(std::string,std::vector<SubCatagory,std::allocator<SubCatagory>> &)' already has a body
D:\VsCodeProjects\Note Organization Software\ProjectFiles\Main Program Functions.cpp(394): message : see previous definition of 'read'
D:\VsCodeProjects\Note Organization Software\ProjectFiles\Main Program Functions.cpp(442,5): error C2065: 'NewLines': undeclared identifier
D:\VsCodeProjects\Note Organization Software\ProjectFiles\Main Program Functions.cpp(508,70): error C2264: 'parseStringForKeyValuePairs': error in function definition or declaration; function not called
D:\VsCodeProjects\Note Organization Software\ProjectFiles\Main Program Functions.cpp(554,6): error C2084: function 'void displaySubCatagoryNames(std::vector<SubCatagory,std::allocator<SubCatagory>> &)' already has a body
D:\VsCodeProjects\Note Organization Software\ProjectFiles\Main Program Functions.cpp(554): message : see previous definition of 'displaySubCatagoryNames'
D:\VsCodeProjects\Note Organization Software\ProjectFiles\Main Program Functions.cpp(560,3): error C2065: 'NewLines': undeclared identifier
D:\VsCodeProjects\Note Organization Software\ProjectFiles\Main Program Functions.cpp(566,6): error C2084: function 'void displayNoteNamesInSubCatagory(std::vector<SubCatagory,std::allocator<SubCatagory>> &,int &)' already has a body
D:\VsCodeProjects\Note Organization Software\ProjectFiles\Main Program Functions.cpp(566): message : see previous definition of 'displayNoteNamesInSubCatagory'
D:\VsCodeProjects\Note Organization Software\ProjectFiles\Main Program Functions.cpp(572,3): error C2065: 'NewLines': undeclared identifier
D:\VsCodeProjects\Note Organization Software\ProjectFiles\Main Program Functions.cpp(580,6): error C2084: function 'void viewNote(functionCall &,std::vector<std::string,std::allocator<std::string>>)' already has a body
D:\VsCodeProjects\Note Organization Software\ProjectFiles\Main Program Functions.cpp(580): message : see previous definition of 'viewNote'
D:\VsCodeProjects\Note Organization Software\ProjectFiles\Main Program Functions.cpp(594,6): error C2084: function 'void editNote(std::string,functionCall &,std::vector<SubCatagory,std::allocator<SubCatagory>> &,int &,std::string &)' already has a body
D:\VsCodeProjects\Note Organization Software\ProjectFiles\Main Program Functions.cpp(594): message : see previous definition of 'editNote'
D:\VsCodeProjects\Note Organization Software\ProjectFiles\Main Program Functions.cpp(620,3): error C2065: 'NewLines': undeclared identifier
D:\VsCodeProjects\Note Organization Software\ProjectFiles\Main Program Functions.cpp(624,7): error C2065: 'selectAndValidateInt': undeclared identifier
D:\VsCodeProjects\Note Organization Software\ProjectFiles\Main Program Functions.cpp(652,4): error C2065: 'NewLines': undeclared identifier
D:\VsCodeProjects\Note Organization Software\ProjectFiles\Main Program Functions.cpp(656,4): error C2065: 'NewLines': undeclared identifier
D:\VsCodeProjects\Note Organization Software\ProjectFiles\Main Program Functions.cpp(658,4): error C2065: 'viewNote': undeclared identifier
D:\VsCodeProjects\Note Organization Software\ProjectFiles\Main Program Functions.cpp(660,4): error C2065: 'NewLines': undeclared identifier
D:\VsCodeProjects\Note Organization Software\ProjectFiles\Main Program Functions.cpp(664,4): error C2065: 'NewLines': undeclared identifier
D:\VsCodeProjects\Note Organization Software\ProjectFiles\Main Program Functions.cpp(670,8): error C2065: 'checkStringForEndInput': undeclared identifier
D:\VsCodeProjects\Note Organization Software\ProjectFiles\Main Program Functions.cpp(684,3): error C2065: 'NewLines': undeclared identifier
D:\VsCodeProjects\Note Organization Software\ProjectFiles\Main Program Functions.cpp(690,3): error C2065: 'write': undeclared identifier
D:\VsCodeProjects\Note Organization Software\ProjectFiles\Main Program Functions.cpp(711,5): error C2065: 'NewLines': undeclared identifier
D:\VsCodeProjects\Note Organization Software\ProjectFiles\Main Program Functions.cpp(717,4): error C2065: 'NewLines': undeclared identifier
D:\VsCodeProjects\Note Organization Software\ProjectFiles\Main Program Functions.cpp(721,8): error C2065: 'selectAndValidateInt': undeclared identifier
D:\VsCodeProjects\Note Organization Software\ProjectFiles\Main Program Functions.cpp(733,5): error C2065: 'NewLines': undeclared identifier
D:\VsCodeProjects\Note Organization Software\ProjectFiles\Main Program Functions.cpp(745,3): error C2065: 'NewLines': undeclared identifier
D:\VsCodeProjects\Note Organization Software\ProjectFiles\Main Program Functions.cpp(751,3): error C2065: 'InsertCharactersIntoVector': undeclared identifier
D:\VsCodeProjects\Note Organization Software\ProjectFiles\Main Program Functions.cpp(753,3): error C2065: 'NewLines': undeclared identifier
D:\VsCodeProjects\Note Organization Software\ProjectFiles\Main Program Functions.cpp(763,3): error C2065: 'write': undeclared identifier
D:\VsCodeProjects\Note Organization Software\ProjectFiles\Main Program Functions.cpp(773,6): error C2084: function 'void createNote(std::string,functionCall &,std::vector<SubCatagory,std::allocator<SubCatagory>> &,int &)' already has a body
D:\VsCodeProjects\Note Organization Software\ProjectFiles\Main Program Functions.cpp(773): message : see previous definition of 'createNote'
D:\VsCodeProjects\Note Organization Software\ProjectFiles\Main Program Functions.cpp(787,85): warning C4267: 'initializing': conversion from 'size_t' to 'int', possible loss of data
D:\VsCodeProjects\Note Organization Software\ProjectFiles\Main Program Functions.cpp(795,3): error C2065: 'NewLines': undeclared identifier
D:\VsCodeProjects\Note Organization Software\ProjectFiles\Main Program Functions.cpp(807,3): error C2065: 'write': undeclared identifier
D:\VsCodeProjects\Note Organization Software\ProjectFiles\Main Program Functions.cpp(817,4): error C2065: 'NewLines': undeclared identifier
D:\VsCodeProjects\Note Organization Software\ProjectFiles\Main Program Functions.cpp(821,4): error C2065: 'NewLines': undeclared identifier
D:\VsCodeProjects\Note Organization Software\ProjectFiles\Main Program Functions.cpp(825,4): error C2065: 'NewLines': undeclared identifier
D:\VsCodeProjects\Note Organization Software\ProjectFiles\Main Program Functions.cpp(829,8): error C2065: 'selectAndValidateInt': undeclared identifier
D:\VsCodeProjects\Note Organization Software\ProjectFiles\Main Program Functions.cpp(839,5): error C2065: 'NewLines': undeclared identifier
D:\VsCodeProjects\Note Organization Software\ProjectFiles\Main Program Functions.cpp(861,5): error C2065: 'NewLines': undeclared identifier
D:\VsCodeProjects\Note Organization Software\ProjectFiles\Main Program Functions.cpp(865,5): error C2065: 'NewLines': undeclared identifier
D:\VsCodeProjects\Note Organization Software\ProjectFiles\Main Program Functions.cpp(867,5): error C2065: 'viewNote': undeclared identifier
D:\VsCodeProjects\Note Organization Software\ProjectFiles\Main Program Functions.cpp(869,5): error C2065: 'NewLines': undeclared identifier
D:\VsCodeProjects\Note Organization Software\ProjectFiles\Main Program Functions.cpp(873,5): error C2065: 'NewLines': undeclared identifier
D:\VsCodeProjects\Note Organization Software\ProjectFiles\Main Program Functions.cpp(879,9): error C2065: 'checkStringForEndInput': undeclared identifier
D:\VsCodeProjects\Note Organization Software\ProjectFiles\Main Program Functions.cpp(891,4): error C2065: 'write': undeclared identifier
D:\VsCodeProjects\Note Organization Software\ProjectFiles\Main Program Functions.cpp(913,6): error C2084: function 'void editOrViewOrCreateNotes(functionCall &,std::vector<SubCatagory,std::allocator<SubCatagory>> &,int &,std::string &)' already has a body
D:\VsCodeProjects\Note Organization Software\ProjectFiles\Main Program Functions.cpp(913): message : see previous definition of 'editOrViewOrCreateNotes'
D:\VsCodeProjects\Note Organization Software\ProjectFiles\Main Program Functions.cpp(937,3): error C2065: 'NewLines': undeclared identifier
D:\VsCodeProjects\Note Organization Software\ProjectFiles\Main Program Functions.cpp(941,3): error C2065: 'NewLines': undeclared identifier
D:\VsCodeProjects\Note Organization Software\ProjectFiles\Main Program Functions.cpp(945,3): error C2065: 'NewLines': undeclared identifier
D:\VsCodeProjects\Note Organization Software\ProjectFiles\Main Program Functions.cpp(951,4): error C2065: 'NewLines': undeclared identifier
D:\VsCodeProjects\Note Organization Software\ProjectFiles\Main Program Functions.cpp(955,4): error C2065: 'NewLines': undeclared identifier
D:\VsCodeProjects\Note Organization Software\ProjectFiles\Main Program Functions.cpp(961,3): error C2065: 'NewLines': undeclared identifier
D:\VsCodeProjects\Note Organization Software\ProjectFiles\Main Program Functions.cpp(965,3): error C2065: 'NewLines': undeclared identifier
D:\VsCodeProjects\Note Organization Software\ProjectFiles\Main Program Functions.cpp(969,7): error C2065: 'selectAndValidateInt': undeclared identifier
D:\VsCodeProjects\Note Organization Software\ProjectFiles\Main Program Functions.cpp(979,4): error C2065: 'NewLines': undeclared identifier
D:\VsCodeProjects\Note Organization Software\ProjectFiles\Main Program Functions.cpp(1009,4): error C2065: 'NewLines': undeclared identifier
D:\VsCodeProjects\Note Organization Software\ProjectFiles\Main Program Functions.cpp(1011,4): error C2065: 'displayNoteNamesInSubCatagory': undeclared identifier
D:\VsCodeProjects\Note Organization Software\ProjectFiles\Main Program Functions.cpp(1015,8): error C2065: 'selectAndValidateString': undeclared identifier
D:\VsCodeProjects\Note Organization Software\ProjectFiles\Main Program Functions.cpp(1025,7): error C2065: 'stringUpper': undeclared identifier
D:\VsCodeProjects\Note Organization Software\ProjectFiles\Main Program Functions.cpp(1025,40): error C2568: '==': unable to resolve function overload
D:\VsCodeProjects\Note Organization Software\ProjectFiles\Main Program Functions.cpp(1025,40): message : could be 'std::string stringUpper(std::string &)'
D:\VsCodeProjects\Note Organization Software\ProjectFiles\Main Program Functions.cpp(1058,4): error C2065: 'NewLines': undeclared identifier
D:\VsCodeProjects\Note Organization Software\ProjectFiles\Main Program Functions.cpp(1060,4): error C2065: 'displayNoteNamesInSubCatagory': undeclared identifier
D:\VsCodeProjects\Note Organization Software\ProjectFiles\Main Program Functions.cpp(1064,8): error C2065: 'selectAndValidateInt': undeclared identifier
D:\VsCodeProjects\Note Organization Software\ProjectFiles\Main Program Functions.cpp(1074,5): error C2065: 'NewLines': undeclared identifier
D:\VsCodeProjects\Note Organization Software\ProjectFiles\Main Program Functions.cpp(1098,4): error C2065: 'NewLines': undeclared identifier
D:\VsCodeProjects\Note Organization Software\ProjectFiles\Main Program Functions.cpp(1102,4): error C2065: 'NewLines': undeclared identifier
D:\VsCodeProjects\Note Organization Software\ProjectFiles\Main Program Functions.cpp(1106,4): error C2065: 'NewLines': undeclared identifier
D:\VsCodeProjects\Note Organization Software\ProjectFiles\Main Program Functions.cpp(1108,4): error C2065: 'viewNote': undeclared identifier
D:\VsCodeProjects\Note Organization Software\ProjectFiles\Main Program Functions.cpp(1110,4): error C2065: 'NewLines': undeclared identifier
D:\VsCodeProjects\Note Organization Software\ProjectFiles\Main Program Functions.cpp(1114,4): error C2065: 'NewLines': undeclared identifier
D:\VsCodeProjects\Note Organization Software\ProjectFiles\Main Program Functions.cpp(1116,4): error C2065: 'NewLines': undeclared identifier
D:\VsCodeProjects\Note Organization Software\ProjectFiles\Main Program Functions.cpp(1120,4): error C2065: 'NewLines': undeclared identifier
D:\VsCodeProjects\Note Organization Software\ProjectFiles\Main Program Functions.cpp(1124,4): error C2065: 'NewLines': undeclared identifier
D:\VsCodeProjects\Note Organization Software\ProjectFiles\Main Program Functions.cpp(1128,8): error C2065: 'selectAndValidateInt': undeclared identifier
D:\VsCodeProjects\Note Organization Software\ProjectFiles\Main Program Functions.cpp(1138,5): error C2065: 'NewLines': undeclared identifier
D:\VsCodeProjects\Note Organization Software\ProjectFiles\Main Program Functions.cpp(1186,6): error C2084: function 'void createSubCatagory(std::string,functionCall &,std::vector<SubCatagory,std::allocator<SubCatagory>> &,int &)' already has a body
D:\VsCodeProjects\Note Organization Software\ProjectFiles\Main Program Functions.cpp(1186): message : see previous definition of 'createSubCatagory'
D:\VsCodeProjects\Note Organization Software\ProjectFiles\Main Program Functions.cpp(1194,2): error C2065: 'NewLines': undeclared identifier
D:\VsCodeProjects\Note Organization Software\ProjectFiles\Main Program Functions.cpp(1202,57): warning C4267: '=': conversion from 'size_t' to 'int', possible loss of data
D:\VsCodeProjects\Note Organization Software\ProjectFiles\Main Program Functions.cpp(1206,2): error C2065: 'write': undeclared identifier
D:\VsCodeProjects\Note Organization Software\ProjectFiles\Main Program Functions.cpp(1212,6): error C2084: function 'void chooseOrCreateSubCatagory(functionCall &,std::vector<SubCatagory,std::allocator<SubCatagory>> &,int &)' already has a body
D:\VsCodeProjects\Note Organization Software\ProjectFiles\Main Program Functions.cpp(1212): message : see previous definition of 'chooseOrCreateSubCatagory'
D:\VsCodeProjects\Note Organization Software\ProjectFiles\Main Program Functions.cpp(1254,3): error C2065: 'NewLines': undeclared identifier
D:\VsCodeProjects\Note Organization Software\ProjectFiles\Main Program Functions.cpp(1256,3): error C2065: 'displaySubCatagoryNames': undeclared identifier
D:\VsCodeProjects\Note Organization Software\ProjectFiles\Main Program Functions.cpp(1260,7): error C2065: 'selectAndValidateString': undeclared identifier
D:\VsCodeProjects\Note Organization Software\ProjectFiles\Main Program Functions.cpp(1268,6): error C2065: 'NewLines': undeclared identifier
D:\VsCodeProjects\Note Organization Software\ProjectFiles\Main Program Functions.cpp(1296,4): error C2065: 'NewLines': undeclared identifier
D:\VsCodeProjects\Note Organization Software\ProjectFiles\Main Program Functions.cpp(1306,6): error C2065: 'stringUpper': undeclared identifier
D:\VsCodeProjects\Note Organization Software\ProjectFiles\Main Program Functions.cpp(1306,5): fatal  error C1003: error count exceeds 100; stopping compilation
  Generating Code...
